# JRE version: OpenJDK Runtime Environment Temurin-21.0.11+10 (21.0.11+10) (build 21.0.11+10-LTS)
# Java VM: OpenJDK 64-Bit Server VM Temurin-21.0.11+10 (21.0.11+10-LTS, mixed mode, sharing, tiered, compressed oops, compressed class ptrs, parallel gc, windows-amd64)
GC Precious Log:
 CardTable entry size: 512
 CPUs: 8 total, 8 available
 Memory: 7926M
 Large Page Support: Disabled
 NUMA Support: Disabled
 Compressed Oops: Enabled (32-bit)
 Alignments: Space 512K, Generation 512K, Heap 2M
 Heap Min Capacity: 100M
 Heap Initial Capacity: 100M
 Heap Max Capacity: 2G
 Pre-touch: Disabled
 Parallel Workers: 8
Heap:
 PSYoungGen      total 4608K, used 1931K [0x00000000d5580000, 0x00000000d5b00000, 0x0000000100000000)
  eden space 4096K, 39% used [0x00000000d5580000,0x00000000d5712fc0,0x00000000d5980000)
  from space 512K, 62% used [0x00000000d5a80000,0x00000000d5ad0000,0x00000000d5b00000)
  to   space 512K, 0% used [0x00000000d5a00000,0x00000000d5a00000,0x00000000d5a80000)
 ParOldGen       total 318976K, used 318618K [0x0000000080000000, 0x0000000093780000, 0x00000000d5580000)
  object space 318976K, 99% used [0x0000000080000000,0x0000000093726aa0,0x0000000093780000)
 Metaspace       used 80527K, committed 82176K, reserved 1179648K
  class space    used 8248K, committed 9024K, reserved 1048576K
GC Heap History (20 events):
Event: 10136.895 GC heap before
{Heap before GC invocations=617 (full 4):
 PSYoungGen      total 4096K, used 3808K [0x00000000d5580000, 0x00000000d5b00000, 0x0000000100000000)
  eden space 3584K, 100% used [0x00000000d5580000,0x00000000d5900000,0x00000000d5900000)
  from space 512K, 43% used [0x00000000d5a80000,0x00000000d5ab8000,0x00000000d5b00000)
  to   space 512K, 0% used [0x00000000d5a00000,0x00000000d5a00000,0x00000000d5a80000)
 ParOldGen       total 309760K, used 309686K [0x0000000080000000, 0x0000000092e80000, 0x00000000d5580000)
  object space 309760K, 99% used [0x0000000080000000,0x0000000092e6d9e8,0x0000000092e80000)
 Metaspace       used 80521K, committed 82112K, reserved 1179648K
  class space    used 8248K, committed 9024K, reserved 1048576K
}
Event: 10136.899 GC heap after
{Heap after GC invocations=617 (full 4):
 PSYoungGen      total 4096K, used 510K [0x00000000d5580000, 0x00000000d5f00000, 0x0000000100000000)
  eden space 3584K, 0% used [0x00000000d5580000,0x00000000d5580000,0x00000000d5900000)
  from space 512K, 99% used [0x00000000d5a00000,0x00000000d5a7f890,0x00000000d5a80000)
  to   space 3072K, 0% used [0x00000000d5c00000,0x00000000d5c00000,0x00000000d5f00000)
 ParOldGen       total 311808K, used 311674K [0x0000000080000000, 0x0000000093080000, 0x00000000d5580000)
  object space 311808K, 99% used [0x0000000080000000,0x000000009305e858,0x0000000093080000)
 Metaspace       used 80521K, committed 82112K, reserved 1179648K
  class space    used 8248K, committed 9024K, reserved 1048576K
}
Event: 10136.906 GC heap before
{Heap before GC invocations=618 (full 4):
 PSYoungGen      total 4096K, used 4094K [0x00000000d5580000, 0x00000000d5f00000, 0x0000000100000000)
  eden space 3584K, 99% used [0x00000000d5580000,0x00000000d58fff90,0x00000000d5900000)
  from space 512K, 99% used [0x00000000d5a00000,0x00000000d5a7f890,0x00000000d5a80000)
  to   space 3072K, 0% used [0x00000000d5c00000,0x00000000d5c00000,0x00000000d5f00000)
 ParOldGen       total 311808K, used 311674K [0x0000000080000000, 0x0000000093080000, 0x00000000d5580000)
  object space 311808K, 99% used [0x0000000080000000,0x000000009305e858,0x0000000093080000)
 Metaspace       used 80521K, committed 82112K, reserved 1179648K
  class space    used 8248K, committed 9024K, reserved 1048576K
}
Event: 10136.909 GC heap after
{Heap after GC invocations=618 (full 4):
 PSYoungGen      total 7168K, used 1918K [0x00000000d5580000, 0x00000000d5f00000, 0x0000000100000000)
  eden space 4096K, 0% used [0x00000000d5580000,0x00000000d5580000,0x00000000d5980000)
  from space 3072K, 62% used [0x00000000d5c00000,0x00000000d5ddf890,0x00000000d5f00000)
  to   space 2560K, 0% used [0x00000000d5980000,0x00000000d5980000,0x00000000d5c00000)
 ParOldGen       total 311808K, used 311801K [0x0000000080000000, 0x0000000093080000, 0x00000000d5580000)
  object space 311808K, 99% used [0x0000000080000000,0x000000009307e4c8,0x0000000093080000)
 Metaspace       used 80521K, committed 82112K, reserved 1179648K
  class space    used 8248K, committed 9024K, reserved 1048576K
}
Event: 10136.927 GC heap before
{Heap before GC invocations=619 (full 4):
 PSYoungGen      total 7168K, used 6014K [0x00000000d5580000, 0x00000000d5f00000, 0x0000000100000000)
  eden space 4096K, 100% used [0x00000000d5580000,0x00000000d5980000,0x00000000d5980000)
  from space 3072K, 62% used [0x00000000d5c00000,0x00000000d5ddf890,0x00000000d5f00000)
  to   space 2560K, 0% used [0x00000000d5980000,0x00000000d5980000,0x00000000d5c00000)
 ParOldGen       total 311808K, used 311801K [0x0000000080000000, 0x0000000093080000, 0x00000000d5580000)
  object space 311808K, 99% used [0x0000000080000000,0x000000009307e4c8,0x0000000093080000)
 Metaspace       used 80521K, committed 82112K, reserved 1179648K
  class space    used 8248K, committed 9024K, reserved 1048576K
}
Event: 10136.928 GC heap after
{Heap after GC invocations=619 (full 4):
 PSYoungGen      total 5120K, used 946K [0x00000000d5580000, 0x00000000d5c80000, 0x0000000100000000)
  eden space 4096K, 0% used [0x00000000d5580000,0x00000000d5580000,0x00000000d5980000)
  from space 1024K, 92% used [0x00000000d5980000,0x00000000d5a6ca90,0x00000000d5a80000)
  to   space 1536K, 0% used [0x00000000d5b00000,0x00000000d5b00000,0x00000000d5c80000)
 ParOldGen       total 312320K, used 311809K [0x0000000080000000, 0x0000000093100000, 0x00000000d5580000)
  object space 312320K, 99% used [0x0000000080000000,0x00000000930804c8,0x0000000093100000)
 Metaspace       used 80521K, committed 82112K, reserved 1179648K
  class space    used 8248K, committed 9024K, reserved 1048576K
}
Event: 10136.937 GC heap before
{Heap before GC invocations=620 (full 4):
 PSYoungGen      total 5120K, used 5042K [0x00000000d5580000, 0x00000000d5c80000, 0x0000000100000000)
  eden space 4096K, 100% used [0x00000000d5580000,0x00000000d5980000,0x00000000d5980000)
  from space 1024K, 92% used [0x00000000d5980000,0x00000000d5a6ca90,0x00000000d5a80000)
  to   space 1536K, 0% used [0x00000000d5b00000,0x00000000d5b00000,0x00000000d5c80000)
 ParOldGen       total 312320K, used 311809K [0x0000000080000000, 0x0000000093100000, 0x00000000d5580000)
  object space 312320K, 99% used [0x0000000080000000,0x00000000930804c8,0x0000000093100000)
 Metaspace       used 80521K, committed 82112K, reserved 1179648K
  class space    used 8248K, committed 9024K, reserved 1048576K
}
Event: 10136.939 GC heap after
{Heap after GC invocations=620 (full 4):
 PSYoungGen      total 5120K, used 894K [0x00000000d5580000, 0x00000000d5c00000, 0x0000000100000000)
  eden space 4096K, 0% used [0x00000000d5580000,0x00000000d5580000,0x00000000d5980000)
  from space 1024K, 87% used [0x00000000d5b00000,0x00000000d5bdf890,0x00000000d5c00000)
  to   space 1024K, 0% used [0x00000000d5980000,0x00000000d5980000,0x00000000d5a80000)
 ParOldGen       total 312320K, used 312219K [0x0000000080000000, 0x0000000093100000, 0x00000000d5580000)
  object space 312320K, 99% used [0x0000000080000000,0x00000000930e6c18,0x0000000093100000)
 Metaspace       used 80521K, committed 82112K, reserved 1179648K
  class space    used 8248K, committed 9024K, reserved 1048576K
}
Event: 10137.958 GC heap before
{Heap before GC invocations=621 (full 4):
 PSYoungGen      total 5120K, used 4990K [0x00000000d5580000, 0x00000000d5c00000, 0x0000000100000000)
  eden space 4096K, 100% used [0x00000000d5580000,0x00000000d5980000,0x00000000d5980000)
  from space 1024K, 87% used [0x00000000d5b00000,0x00000000d5bdf890,0x00000000d5c00000)
  to   space 1024K, 0% used [0x00000000d5980000,0x00000000d5980000,0x00000000d5a80000)
 ParOldGen       total 312320K, used 312219K [0x0000000080000000, 0x0000000093100000, 0x00000000d5580000)
  object space 312320K, 99% used [0x0000000080000000,0x00000000930e6c18,0x0000000093100000)
 Metaspace       used 80521K, committed 82112K, reserved 1179648K
  class space    used 8248K, committed 9024K, reserved 1048576K
}
Event: 10137.959 GC heap after
{Heap after GC invocations=621 (full 4):
 PSYoungGen      total 5120K, used 474K [0x00000000d5580000, 0x00000000d5b80000, 0x0000000100000000)
  eden space 4096K, 0% used [0x00000000d5580000,0x00000000d5580000,0x00000000d5980000)
  from space 1024K, 46% used [0x00000000d5980000,0x00000000d59f6900,0x00000000d5a80000)
  to   space 1024K, 0% used [0x00000000d5a80000,0x00000000d5a80000,0x00000000d5b80000)
 ParOldGen       total 312320K, used 312227K [0x0000000080000000, 0x0000000093100000, 0x00000000d5580000)
  object space 312320K, 99% used [0x0000000080000000,0x00000000930e8c18,0x0000000093100000)
 Metaspace       used 80521K, committed 82112K, reserved 1179648K
  class space    used 8248K, committed 9024K, reserved 1048576K
}
Event: 10137.968 GC heap before
{Heap before GC invocations=622 (full 4):
 PSYoungGen      total 5120K, used 4570K [0x00000000d5580000, 0x00000000d5b80000, 0x0000000100000000)
  eden space 4096K, 100% used [0x00000000d5580000,0x00000000d5980000,0x00000000d5980000)
  from space 1024K, 46% used [0x00000000d5980000,0x00000000d59f6900,0x00000000d5a80000)
  to   space 1024K, 0% used [0x00000000d5a80000,0x00000000d5a80000,0x00000000d5b80000)
 ParOldGen       total 312320K, used 312227K [0x0000000080000000, 0x0000000093100000, 0x00000000d5580000)
  object space 312320K, 99% used [0x0000000080000000,0x00000000930e8c18,0x0000000093100000)
 Metaspace       used 80521K, committed 82112K, reserved 1179648K
  class space    used 8248K, committed 9024K, reserved 1048576K
}
Event: 10137.969 GC heap after
{Heap after GC invocations=622 (full 4):
 PSYoungGen      total 4608K, used 192K [0x00000000d5580000, 0x00000000d5b00000, 0x0000000100000000)
  eden space 4096K, 0% used [0x00000000d5580000,0x00000000d5580000,0x00000000d5980000)
  from space 512K, 37% used [0x00000000d5a80000,0x00000000d5ab0000,0x00000000d5b00000)
  to   space 512K, 0% used [0x00000000d5a00000,0x00000000d5a00000,0x00000000d5a80000)
 ParOldGen       total 312832K, used 312605K [0x0000000080000000, 0x0000000093180000, 0x00000000d5580000)
  object space 312832K, 99% used [0x0000000080000000,0x00000000931476f8,0x0000000093180000)
 Metaspace       used 80521K, committed 82112K, reserved 1179648K
  class space    used 8248K, committed 9024K, reserved 1048576K
}
Event: 10138.181 GC heap before
{Heap before GC invocations=623 (full 4):
 PSYoungGen      total 4608K, used 4288K [0x00000000d5580000, 0x00000000d5b00000, 0x0000000100000000)
  eden space 4096K, 100% used [0x00000000d5580000,0x00000000d5980000,0x00000000d5980000)
  from space 512K, 37% used [0x00000000d5a80000,0x00000000d5ab0000,0x00000000d5b00000)
  to   space 512K, 0% used [0x00000000d5a00000,0x00000000d5a00000,0x00000000d5a80000)
 ParOldGen       total 312832K, used 312605K [0x0000000080000000, 0x0000000093180000, 0x00000000d5580000)
  object space 312832K, 99% used [0x0000000080000000,0x00000000931476f8,0x0000000093180000)
 Metaspace       used 80524K, committed 82176K, reserved 1179648K
  class space    used 8248K, committed 9024K, reserved 1048576K
}
Event: 10138.182 GC heap after
{Heap after GC invocations=623 (full 4):
 PSYoungGen      total 4608K, used 346K [0x00000000d5580000, 0x00000000d5b00000, 0x0000000100000000)
  eden space 4096K, 0% used [0x00000000d5580000,0x00000000d5580000,0x00000000d5980000)
  from space 512K, 67% used [0x00000000d5a00000,0x00000000d5a56900,0x00000000d5a80000)
  to   space 512K, 0% used [0x00000000d5a80000,0x00000000d5a80000,0x00000000d5b00000)
 ParOldGen       total 312832K, used 312653K [0x0000000080000000, 0x0000000093180000, 0x00000000d5580000)
  object space 312832K, 99% used [0x0000000080000000,0x00000000931536f8,0x0000000093180000)
 Metaspace       used 80524K, committed 82176K, reserved 1179648K
  class space    used 8248K, committed 9024K, reserved 1048576K
}
Event: 10138.188 GC heap before
{Heap before GC invocations=624 (full 4):
 PSYoungGen      total 4608K, used 4442K [0x00000000d5580000, 0x00000000d5b00000, 0x0000000100000000)
  eden space 4096K, 100% used [0x00000000d5580000,0x00000000d5980000,0x00000000d5980000)
  from space 512K, 67% used [0x00000000d5a00000,0x00000000d5a56900,0x00000000d5a80000)
  to   space 512K, 0% used [0x00000000d5a80000,0x00000000d5a80000,0x00000000d5b00000)
 ParOldGen       total 312832K, used 312653K [0x0000000080000000, 0x0000000093180000, 0x00000000d5580000)
  object space 312832K, 99% used [0x0000000080000000,0x00000000931536f8,0x0000000093180000)
 Metaspace       used 80524K, committed 82176K, reserved 1179648K
  class space    used 8248K, committed 9024K, reserved 1048576K
}
Event: 10140.215 GC heap after
{Heap after GC invocations=624 (full 4):
 PSYoungGen      total 4608K, used 510K [0x00000000d5580000, 0x00000000d5b00000, 0x0000000100000000)
  eden space 4096K, 0% used [0x00000000d5580000,0x00000000d5580000,0x00000000d5980000)
  from space 512K, 99% used [0x00000000d5a80000,0x00000000d5aff890,0x00000000d5b00000)
  to   space 512K, 0% used [0x00000000d5a00000,0x00000000d5a00000,0x00000000d5a80000)
 ParOldGen       total 315392K, used 314920K [0x0000000080000000, 0x0000000093400000, 0x00000000d5580000)
  object space 315392K, 99% used [0x0000000080000000,0x000000009338a1d8,0x0000000093400000)
 Metaspace       used 80524K, committed 82176K, reserved 1179648K
  class space    used 8248K, committed 9024K, reserved 1048576K
}
Event: 10140.225 GC heap before
{Heap before GC invocations=625 (full 4):
 PSYoungGen      total 4608K, used 4606K [0x00000000d5580000, 0x00000000d5b00000, 0x0000000100000000)
  eden space 4096K, 100% used [0x00000000d5580000,0x00000000d5980000,0x00000000d5980000)
  from space 512K, 99% used [0x00000000d5a80000,0x00000000d5aff890,0x00000000d5b00000)
  to   space 512K, 0% used [0x00000000d5a00000,0x00000000d5a00000,0x00000000d5a80000)
 ParOldGen       total 315392K, used 314920K [0x0000000080000000, 0x0000000093400000, 0x00000000d5580000)
  object space 315392K, 99% used [0x0000000080000000,0x000000009338a1d8,0x0000000093400000)
 Metaspace       used 80525K, committed 82176K, reserved 1179648K
  class space    used 8248K, committed 9024K, reserved 1048576K
}
Event: 10142.247 GC heap after
{Heap after GC invocations=625 (full 4):
 PSYoungGen      total 4608K, used 511K [0x00000000d5580000, 0x00000000d5b00000, 0x0000000100000000)
  eden space 4096K, 0% used [0x00000000d5580000,0x00000000d5580000,0x00000000d5980000)
  from space 512K, 99% used [0x00000000d5a00000,0x00000000d5a7fc48,0x00000000d5a80000)
  to   space 512K, 0% used [0x00000000d5a80000,0x00000000d5a80000,0x00000000d5b00000)
 ParOldGen       total 318976K, used 318523K [0x0000000080000000, 0x0000000093780000, 0x00000000d5580000)
  object space 318976K, 99% used [0x0000000080000000,0x000000009370ef90,0x0000000093780000)
 Metaspace       used 80525K, committed 82176K, reserved 1179648K
  class space    used 8248K, committed 9024K, reserved 1048576K
}
Event: 10142.257 GC heap before
{Heap before GC invocations=626 (full 4):
 PSYoungGen      total 4608K, used 4607K [0x00000000d5580000, 0x00000000d5b00000, 0x0000000100000000)
  eden space 4096K, 100% used [0x00000000d5580000,0x00000000d5980000,0x00000000d5980000)
  from space 512K, 99% used [0x00000000d5a00000,0x00000000d5a7fc48,0x00000000d5a80000)
  to   space 512K, 0% used [0x00000000d5a80000,0x00000000d5a80000,0x00000000d5b00000)
 ParOldGen       total 318976K, used 318523K [0x0000000080000000, 0x0000000093780000, 0x00000000d5580000)
  object space 318976K, 99% used [0x0000000080000000,0x000000009370ef90,0x0000000093780000)
 Metaspace       used 80526K, committed 82176K, reserved 1179648K
  class space    used 8248K, committed 9024K, reserved 1048576K
}
Event: 10144.264 GC heap after
{Heap after GC invocations=626 (full 4):
 PSYoungGen      total 4608K, used 320K [0x00000000d5580000, 0x00000000d5b00000, 0x0000000100000000)
  eden space 4096K, 0% used [0x00000000d5580000,0x00000000d5580000,0x00000000d5980000)
  from space 512K, 62% used [0x00000000d5a80000,0x00000000d5ad0000,0x00000000d5b00000)
  to   space 512K, 0% used [0x00000000d5a00000,0x00000000d5a00000,0x00000000d5a80000)
 ParOldGen       total 318976K, used 318618K [0x0000000080000000, 0x0000000093780000, 0x00000000d5580000)
  object space 318976K, 99% used [0x0000000080000000,0x0000000093726aa0,0x0000000093780000)
 Metaspace       used 80526K, committed 82176K, reserved 1179648K
  class space    used 8248K, committed 9024K, reserved 1048576K
}

