# JRE version: OpenJDK Runtime Environment Temurin-21.0.10+7 (21.0.10+7) (build 21.0.10+7-LTS)
# Java VM: OpenJDK 64-Bit Server VM Temurin-21.0.10+7 (21.0.10+7-LTS, mixed mode, sharing, tiered, compressed oops, compressed class ptrs, parallel gc, windows-amd64)
GC Precious Log:
 CardTable entry size: 512
 CPUs: 8 total, 8 available
 Memory: 7926M
 Large Page Support: Disabled
 NUMA Support: Disabled
 Compressed Oops: Enabled (32-bit)
 Alignments: Space 512K, Generation 512K, Heap 2M
 Heap Min Capacity: 100M
 Heap Initial Capacity: 100M
 Heap Max Capacity: 2G
 Pre-touch: Disabled
 Parallel Workers: 8
Heap:
 PSYoungGen      total 2048K, used 1051K [0x00000000d5580000, 0x00000000d5900000, 0x0000000100000000)
  eden space 1536K, 53% used [0x00000000d5580000,0x00000000d564ef00,0x00000000d5700000)
  from space 512K, 43% used [0x00000000d5700000,0x00000000d5738000,0x00000000d5780000)
  to   space 512K, 0% used [0x00000000d5880000,0x00000000d5880000,0x00000000d5900000)
 ParOldGen       total 276480K, used 276356K [0x0000000080000000, 0x0000000090e00000, 0x00000000d5580000)
  object space 276480K, 99% used [0x0000000080000000,0x0000000090de1358,0x0000000090e00000)
 Metaspace       used 80547K, committed 82496K, reserved 1179648K
  class space    used 8552K, committed 9408K, reserved 1048576K
GC Heap History (20 events):
Event: 1774.257 GC heap before
{Heap before GC invocations=229 (full 3):
 PSYoungGen      total 2560K, used 2184K [0x00000000d5580000, 0x00000000d5980000, 0x0000000100000000)
  eden space 2048K, 92% used [0x00000000d5580000,0x00000000d575a2b8,0x00000000d5780000)
  from space 512K, 56% used [0x00000000d5880000,0x00000000d58c8000,0x00000000d5900000)
  to   space 512K, 0% used [0x00000000d5900000,0x00000000d5900000,0x00000000d5980000)
 ParOldGen       total 273920K, used 273757K [0x0000000080000000, 0x0000000090b80000, 0x00000000d5580000)
  object space 273920K, 99% used [0x0000000080000000,0x0000000090b57710,0x0000000090b80000)
 Metaspace       used 80226K, committed 82112K, reserved 1179648K
  class space    used 8523K, committed 9344K, reserved 1048576K
}
Event: 1774.259 GC heap after
{Heap after GC invocations=229 (full 3):
 PSYoungGen      total 2048K, used 505K [0x00000000d5580000, 0x00000000d5b80000, 0x0000000100000000)
  eden space 1536K, 0% used [0x00000000d5580000,0x00000000d5580000,0x00000000d5700000)
  from space 512K, 98% used [0x00000000d5900000,0x00000000d597e578,0x00000000d5980000)
  to   space 2048K, 0% used [0x00000000d5700000,0x00000000d5700000,0x00000000d5900000)
 ParOldGen       total 274944K, used 274833K [0x0000000080000000, 0x0000000090c80000, 0x00000000d5580000)
  object space 274944K, 99% used [0x0000000080000000,0x0000000090c64538,0x0000000090c80000)
 Metaspace       used 80226K, committed 82112K, reserved 1179648K
  class space    used 8523K, committed 9344K, reserved 1048576K
}
Event: 1774.268 GC heap before
{Heap before GC invocations=230 (full 3):
 PSYoungGen      total 2048K, used 2041K [0x00000000d5580000, 0x00000000d5b80000, 0x0000000100000000)
  eden space 1536K, 99% used [0x00000000d5580000,0x00000000d56fff48,0x00000000d5700000)
  from space 512K, 98% used [0x00000000d5900000,0x00000000d597e578,0x00000000d5980000)
  to   space 2048K, 0% used [0x00000000d5700000,0x00000000d5700000,0x00000000d5900000)
 ParOldGen       total 274944K, used 274833K [0x0000000080000000, 0x0000000090c80000, 0x00000000d5580000)
  object space 274944K, 99% used [0x0000000080000000,0x0000000090c64538,0x0000000090c80000)
 Metaspace       used 80226K, committed 82112K, reserved 1179648K
  class space    used 8523K, committed 9344K, reserved 1048576K
}
Event: 1774.269 GC heap after
{Heap after GC invocations=230 (full 3):
 PSYoungGen      total 2048K, used 256K [0x00000000d5580000, 0x00000000d5980000, 0x0000000100000000)
  eden space 1536K, 0% used [0x00000000d5580000,0x00000000d5580000,0x00000000d5700000)
  from space 512K, 50% used [0x00000000d5700000,0x00000000d5740000,0x00000000d5780000)
  to   space 1024K, 0% used [0x00000000d5880000,0x00000000d5880000,0x00000000d5980000)
 ParOldGen       total 275456K, used 275028K [0x0000000080000000, 0x0000000090d00000, 0x00000000d5580000)
  object space 275456K, 99% used [0x0000000080000000,0x0000000090c951f0,0x0000000090d00000)
 Metaspace       used 80226K, committed 82112K, reserved 1179648K
  class space    used 8523K, committed 9344K, reserved 1048576K
}
Event: 1774.280 GC heap before
{Heap before GC invocations=231 (full 3):
 PSYoungGen      total 2048K, used 1733K [0x00000000d5580000, 0x00000000d5980000, 0x0000000100000000)
  eden space 1536K, 96% used [0x00000000d5580000,0x00000000d56f1468,0x00000000d5700000)
  from space 512K, 50% used [0x00000000d5700000,0x00000000d5740000,0x00000000d5780000)
  to   space 1024K, 0% used [0x00000000d5880000,0x00000000d5880000,0x00000000d5980000)
 ParOldGen       total 275456K, used 275028K [0x0000000080000000, 0x0000000090d00000, 0x00000000d5580000)
  object space 275456K, 99% used [0x0000000080000000,0x0000000090c951f0,0x0000000090d00000)
 Metaspace       used 80226K, committed 82112K, reserved 1179648K
  class space    used 8523K, committed 9344K, reserved 1048576K
}
Event: 1774.281 GC heap after
{Heap after GC invocations=231 (full 3):
 PSYoungGen      total 2048K, used 224K [0x00000000d5580000, 0x00000000d5900000, 0x0000000100000000)
  eden space 1536K, 0% used [0x00000000d5580000,0x00000000d5580000,0x00000000d5700000)
  from space 512K, 43% used [0x00000000d5880000,0x00000000d58b8000,0x00000000d5900000)
  to   space 512K, 0% used [0x00000000d5700000,0x00000000d5700000,0x00000000d5780000)
 ParOldGen       total 275456K, used 275060K [0x0000000080000000, 0x0000000090d00000, 0x00000000d5580000)
  object space 275456K, 99% used [0x0000000080000000,0x0000000090c9d1f0,0x0000000090d00000)
 Metaspace       used 80226K, committed 82112K, reserved 1179648K
  class space    used 8523K, committed 9344K, reserved 1048576K
}
Event: 1774.293 GC heap before
{Heap before GC invocations=232 (full 3):
 PSYoungGen      total 2048K, used 1760K [0x00000000d5580000, 0x00000000d5900000, 0x0000000100000000)
  eden space 1536K, 100% used [0x00000000d5580000,0x00000000d5700000,0x00000000d5700000)
  from space 512K, 43% used [0x00000000d5880000,0x00000000d58b8000,0x00000000d5900000)
  to   space 512K, 0% used [0x00000000d5700000,0x00000000d5700000,0x00000000d5780000)
 ParOldGen       total 276480K, used 275836K [0x0000000080000000, 0x0000000090e00000, 0x00000000d5580000)
  object space 276480K, 99% used [0x0000000080000000,0x0000000090d5f2f8,0x0000000090e00000)
 Metaspace       used 80226K, committed 82112K, reserved 1179648K
  class space    used 8523K, committed 9344K, reserved 1048576K
}
Event: 1774.295 GC heap after
{Heap after GC invocations=232 (full 3):
 PSYoungGen      total 2048K, used 192K [0x00000000d5580000, 0x00000000d5900000, 0x0000000100000000)
  eden space 1536K, 0% used [0x00000000d5580000,0x00000000d5580000,0x00000000d5700000)
  from space 512K, 37% used [0x00000000d5700000,0x00000000d5730000,0x00000000d5780000)
  to   space 512K, 0% used [0x00000000d5880000,0x00000000d5880000,0x00000000d5900000)
 ParOldGen       total 276480K, used 275876K [0x0000000080000000, 0x0000000090e00000, 0x00000000d5580000)
  object space 276480K, 99% used [0x0000000080000000,0x0000000090d692f8,0x0000000090e00000)
 Metaspace       used 80226K, committed 82112K, reserved 1179648K
  class space    used 8523K, committed 9344K, reserved 1048576K
}
Event: 1774.411 GC heap before
{Heap before GC invocations=233 (full 3):
 PSYoungGen      total 2048K, used 1728K [0x00000000d5580000, 0x00000000d5900000, 0x0000000100000000)
  eden space 1536K, 100% used [0x00000000d5580000,0x00000000d5700000,0x00000000d5700000)
  from space 512K, 37% used [0x00000000d5700000,0x00000000d5730000,0x00000000d5780000)
  to   space 512K, 0% used [0x00000000d5880000,0x00000000d5880000,0x00000000d5900000)
 ParOldGen       total 276480K, used 275876K [0x0000000080000000, 0x0000000090e00000, 0x00000000d5580000)
  object space 276480K, 99% used [0x0000000080000000,0x0000000090d692f8,0x0000000090e00000)
 Metaspace       used 80226K, committed 82112K, reserved 1179648K
  class space    used 8523K, committed 9344K, reserved 1048576K
}
Event: 1774.413 GC heap after
{Heap after GC invocations=233 (full 3):
 PSYoungGen      total 2048K, used 277K [0x00000000d5580000, 0x00000000d5900000, 0x0000000100000000)
  eden space 1536K, 0% used [0x00000000d5580000,0x00000000d5580000,0x00000000d5700000)
  from space 512K, 54% used [0x00000000d5880000,0x00000000d58c5608,0x00000000d5900000)
  to   space 512K, 0% used [0x00000000d5700000,0x00000000d5700000,0x00000000d5780000)
 ParOldGen       total 276480K, used 275900K [0x0000000080000000, 0x0000000090e00000, 0x00000000d5580000)
  object space 276480K, 99% used [0x0000000080000000,0x0000000090d6f2f8,0x0000000090e00000)
 Metaspace       used 80226K, committed 82112K, reserved 1179648K
  class space    used 8523K, committed 9344K, reserved 1048576K
}
Event: 1774.710 GC heap before
{Heap before GC invocations=234 (full 3):
 PSYoungGen      total 2048K, used 1813K [0x00000000d5580000, 0x00000000d5900000, 0x0000000100000000)
  eden space 1536K, 100% used [0x00000000d5580000,0x00000000d5700000,0x00000000d5700000)
  from space 512K, 54% used [0x00000000d5880000,0x00000000d58c5608,0x00000000d5900000)
  to   space 512K, 0% used [0x00000000d5700000,0x00000000d5700000,0x00000000d5780000)
 ParOldGen       total 276480K, used 275900K [0x0000000080000000, 0x0000000090e00000, 0x00000000d5580000)
  object space 276480K, 99% used [0x0000000080000000,0x0000000090d6f2f8,0x0000000090e00000)
 Metaspace       used 80226K, committed 82112K, reserved 1179648K
  class space    used 8523K, committed 9344K, reserved 1048576K
}
Event: 1774.712 GC heap after
{Heap after GC invocations=234 (full 3):
 PSYoungGen      total 2048K, used 256K [0x00000000d5580000, 0x00000000d5900000, 0x0000000100000000)
  eden space 1536K, 0% used [0x00000000d5580000,0x00000000d5580000,0x00000000d5700000)
  from space 512K, 50% used [0x00000000d5700000,0x00000000d5740000,0x00000000d5780000)
  to   space 512K, 0% used [0x00000000d5880000,0x00000000d5880000,0x00000000d5900000)
 ParOldGen       total 276480K, used 275940K [0x0000000080000000, 0x0000000090e00000, 0x00000000d5580000)
  object space 276480K, 99% used [0x0000000080000000,0x0000000090d792f8,0x0000000090e00000)
 Metaspace       used 80226K, committed 82112K, reserved 1179648K
  class space    used 8523K, committed 9344K, reserved 1048576K
}
Event: 1874.013 GC heap before
{Heap before GC invocations=235 (full 3):
 PSYoungGen      total 2048K, used 1791K [0x00000000d5580000, 0x00000000d5900000, 0x0000000100000000)
  eden space 1536K, 99% used [0x00000000d5580000,0x00000000d56ffff0,0x00000000d5700000)
  from space 512K, 50% used [0x00000000d5700000,0x00000000d5740000,0x00000000d5780000)
  to   space 512K, 0% used [0x00000000d5880000,0x00000000d5880000,0x00000000d5900000)
 ParOldGen       total 276480K, used 275940K [0x0000000080000000, 0x0000000090e00000, 0x00000000d5580000)
  object space 276480K, 99% used [0x0000000080000000,0x0000000090d792f8,0x0000000090e00000)
 Metaspace       used 80234K, committed 82112K, reserved 1179648K
  class space    used 8523K, committed 9344K, reserved 1048576K
}
Event: 1874.029 GC heap after
{Heap after GC invocations=235 (full 3):
 PSYoungGen      total 2048K, used 368K [0x00000000d5580000, 0x00000000d5900000, 0x0000000100000000)
  eden space 1536K, 0% used [0x00000000d5580000,0x00000000d5580000,0x00000000d5700000)
  from space 512K, 71% used [0x00000000d5880000,0x00000000d58dc030,0x00000000d5900000)
  to   space 512K, 0% used [0x00000000d5700000,0x00000000d5700000,0x00000000d5780000)
 ParOldGen       total 276480K, used 275996K [0x0000000080000000, 0x0000000090e00000, 0x00000000d5580000)
  object space 276480K, 99% used [0x0000000080000000,0x0000000090d872f8,0x0000000090e00000)
 Metaspace       used 80234K, committed 82112K, reserved 1179648K
  class space    used 8523K, committed 9344K, reserved 1048576K
}
Event: 2041.824 GC heap before
{Heap before GC invocations=236 (full 3):
 PSYoungGen      total 2048K, used 1884K [0x00000000d5580000, 0x00000000d5900000, 0x0000000100000000)
  eden space 1536K, 98% used [0x00000000d5580000,0x00000000d56fb068,0x00000000d5700000)
  from space 512K, 71% used [0x00000000d5880000,0x00000000d58dc030,0x00000000d5900000)
  to   space 512K, 0% used [0x00000000d5700000,0x00000000d5700000,0x00000000d5780000)
 ParOldGen       total 276480K, used 275996K [0x0000000080000000, 0x0000000090e00000, 0x00000000d5580000)
  object space 276480K, 99% used [0x0000000080000000,0x0000000090d872f8,0x0000000090e00000)
 Metaspace       used 80413K, committed 82240K, reserved 1179648K
  class space    used 8542K, committed 9344K, reserved 1048576K
}
Event: 2041.964 GC heap after
{Heap after GC invocations=236 (full 3):
 PSYoungGen      total 2048K, used 321K [0x00000000d5580000, 0x00000000d5900000, 0x0000000100000000)
  eden space 1536K, 0% used [0x00000000d5580000,0x00000000d5580000,0x00000000d5700000)
  from space 512K, 62% used [0x00000000d5700000,0x00000000d5750540,0x00000000d5780000)
  to   space 512K, 0% used [0x00000000d5880000,0x00000000d5880000,0x00000000d5900000)
 ParOldGen       total 276480K, used 276188K [0x0000000080000000, 0x0000000090e00000, 0x00000000d5580000)
  object space 276480K, 99% used [0x0000000080000000,0x0000000090db7358,0x0000000090e00000)
 Metaspace       used 80413K, committed 82240K, reserved 1179648K
  class space    used 8542K, committed 9344K, reserved 1048576K
}
Event: 3735.020 GC heap before
{Heap before GC invocations=237 (full 3):
 PSYoungGen      total 2048K, used 1857K [0x00000000d5580000, 0x00000000d5900000, 0x0000000100000000)
  eden space 1536K, 100% used [0x00000000d5580000,0x00000000d5700000,0x00000000d5700000)
  from space 512K, 62% used [0x00000000d5700000,0x00000000d5750540,0x00000000d5780000)
  to   space 512K, 0% used [0x00000000d5880000,0x00000000d5880000,0x00000000d5900000)
 ParOldGen       total 276480K, used 276188K [0x0000000080000000, 0x0000000090e00000, 0x00000000d5580000)
  object space 276480K, 99% used [0x0000000080000000,0x0000000090db7358,0x0000000090e00000)
 Metaspace       used 80530K, committed 82432K, reserved 1179648K
  class space    used 8552K, committed 9408K, reserved 1048576K
}
Event: 3735.228 GC heap after
{Heap after GC invocations=237 (full 3):
 PSYoungGen      total 2048K, used 224K [0x00000000d5580000, 0x00000000d5900000, 0x0000000100000000)
  eden space 1536K, 0% used [0x00000000d5580000,0x00000000d5580000,0x00000000d5700000)
  from space 512K, 43% used [0x00000000d5880000,0x00000000d58b8000,0x00000000d5900000)
  to   space 512K, 0% used [0x00000000d5700000,0x00000000d5700000,0x00000000d5780000)
 ParOldGen       total 276480K, used 276308K [0x0000000080000000, 0x0000000090e00000, 0x00000000d5580000)
  object space 276480K, 99% used [0x0000000080000000,0x0000000090dd5358,0x0000000090e00000)
 Metaspace       used 80530K, committed 82432K, reserved 1179648K
  class space    used 8552K, committed 9408K, reserved 1048576K
}
Event: 7395.021 GC heap before
{Heap before GC invocations=238 (full 3):
 PSYoungGen      total 2048K, used 1759K [0x00000000d5580000, 0x00000000d5900000, 0x0000000100000000)
  eden space 1536K, 99% used [0x00000000d5580000,0x00000000d56fffe8,0x00000000d5700000)
  from space 512K, 43% used [0x00000000d5880000,0x00000000d58b8000,0x00000000d5900000)
  to   space 512K, 0% used [0x00000000d5700000,0x00000000d5700000,0x00000000d5780000)
 ParOldGen       total 276480K, used 276308K [0x0000000080000000, 0x0000000090e00000, 0x00000000d5580000)
  object space 276480K, 99% used [0x0000000080000000,0x0000000090dd5358,0x0000000090e00000)
 Metaspace       used 80543K, committed 82496K, reserved 1179648K
  class space    used 8552K, committed 9408K, reserved 1048576K
}
Event: 7395.236 GC heap after
{Heap after GC invocations=238 (full 3):
 PSYoungGen      total 2048K, used 224K [0x00000000d5580000, 0x00000000d5900000, 0x0000000100000000)
  eden space 1536K, 0% used [0x00000000d5580000,0x00000000d5580000,0x00000000d5700000)
  from space 512K, 43% used [0x00000000d5700000,0x00000000d5738000,0x00000000d5780000)
  to   space 512K, 0% used [0x00000000d5880000,0x00000000d5880000,0x00000000d5900000)
 ParOldGen       total 276480K, used 276356K [0x0000000080000000, 0x0000000090e00000, 0x00000000d5580000)
  object space 276480K, 99% used [0x0000000080000000,0x0000000090de1358,0x0000000090e00000)
 Metaspace       used 80543K, committed 82496K, reserved 1179648K
  class space    used 8552K, committed 9408K, reserved 1048576K
}

