# JRE version: OpenJDK Runtime Environment Temurin-21.0.11+10 (21.0.11+10) (build 21.0.11+10-LTS)
# Java VM: OpenJDK 64-Bit Server VM Temurin-21.0.11+10 (21.0.11+10-LTS, mixed mode, sharing, tiered, compressed oops, compressed class ptrs, parallel gc, windows-amd64)
GC Precious Log:
 CardTable entry size: 512
 CPUs: 8 total, 8 available
 Memory: 7926M
 Large Page Support: Disabled
 NUMA Support: Disabled
 Compressed Oops: Enabled (32-bit)
 Alignments: Space 512K, Generation 512K, Heap 2M
 Heap Min Capacity: 100M
 Heap Initial Capacity: 100M
 Heap Max Capacity: 2G
 Pre-touch: Disabled
 Parallel Workers: 8
Heap:
 PSYoungGen      total 14336K, used 12734K [0x00000000d5580000, 0x00000000d6780000, 0x0000000100000000)
  eden space 13312K, 89% used [0x00000000d5580000,0x00000000d6126930,0x00000000d6280000)
  from space 1024K, 78% used [0x00000000d6680000,0x00000000d6749210,0x00000000d6780000)
  to   space 1024K, 0% used [0x00000000d6580000,0x00000000d6580000,0x00000000d6680000)
 ParOldGen       total 119296K, used 118965K [0x0000000080000000, 0x0000000087480000, 0x00000000d5580000)
  object space 119296K, 99% used [0x0000000080000000,0x000000008742d4f0,0x0000000087480000)
 Metaspace       used 76254K, committed 77824K, reserved 1179648K
  class space    used 8171K, committed 8896K, reserved 1048576K
GC Heap History (20 events):
Event: 13.057 GC heap before
{Heap before GC invocations=174 (full 3):
 PSYoungGen      total 14336K, used 14080K [0x00000000d5580000, 0x00000000d6600000, 0x0000000100000000)
  eden space 13312K, 99% used [0x00000000d5580000,0x00000000d627fff8,0x00000000d6280000)
  from space 1024K, 75% used [0x00000000d6500000,0x00000000d65c02d8,0x00000000d6600000)
  to   space 1024K, 0% used [0x00000000d6400000,0x00000000d6400000,0x00000000d6500000)
 ParOldGen       total 109568K, used 109493K [0x0000000080000000, 0x0000000086b00000, 0x00000000d5580000)
  object space 109568K, 99% used [0x0000000080000000,0x0000000086aed758,0x0000000086b00000)
 Metaspace       used 67951K, committed 69440K, reserved 1114112K
  class space    used 7215K, committed 7872K, reserved 1048576K
}
Event: 13.058 GC heap after
{Heap after GC invocations=174 (full 3):
 PSYoungGen      total 14336K, used 794K [0x00000000d5580000, 0x00000000d6580000, 0x0000000100000000)
  eden space 13312K, 0% used [0x00000000d5580000,0x00000000d5580000,0x00000000d6280000)
  from space 1024K, 77% used [0x00000000d6400000,0x00000000d64c6920,0x00000000d6500000)
  to   space 512K, 0% used [0x00000000d6500000,0x00000000d6500000,0x00000000d6580000)
 ParOldGen       total 110080K, used 109813K [0x0000000080000000, 0x0000000086b80000, 0x00000000d5580000)
  object space 110080K, 99% used [0x0000000080000000,0x0000000086b3d758,0x0000000086b80000)
 Metaspace       used 67951K, committed 69440K, reserved 1114112K
  class space    used 7215K, committed 7872K, reserved 1048576K
}
Event: 13.219 GC heap before
{Heap before GC invocations=175 (full 3):
 PSYoungGen      total 14336K, used 14106K [0x00000000d5580000, 0x00000000d6580000, 0x0000000100000000)
  eden space 13312K, 100% used [0x00000000d5580000,0x00000000d6280000,0x00000000d6280000)
  from space 1024K, 77% used [0x00000000d6400000,0x00000000d64c6920,0x00000000d6500000)
  to   space 512K, 0% used [0x00000000d6500000,0x00000000d6500000,0x00000000d6580000)
 ParOldGen       total 110080K, used 109813K [0x0000000080000000, 0x0000000086b80000, 0x00000000d5580000)
  object space 110080K, 99% used [0x0000000080000000,0x0000000086b3d758,0x0000000086b80000)
 Metaspace       used 68291K, committed 69760K, reserved 1114112K
  class space    used 7248K, committed 7872K, reserved 1048576K
}
Event: 13.221 GC heap after
{Heap after GC invocations=175 (full 3):
 PSYoungGen      total 13824K, used 512K [0x00000000d5580000, 0x00000000d6580000, 0x0000000100000000)
  eden space 13312K, 0% used [0x00000000d5580000,0x00000000d5580000,0x00000000d6280000)
  from space 512K, 100% used [0x00000000d6500000,0x00000000d6580000,0x00000000d6580000)
  to   space 1536K, 0% used [0x00000000d6280000,0x00000000d6280000,0x00000000d6400000)
 ParOldGen       total 110592K, used 110554K [0x0000000080000000, 0x0000000086c00000, 0x00000000d5580000)
  object space 110592K, 99% used [0x0000000080000000,0x0000000086bf6998,0x0000000086c00000)
 Metaspace       used 68291K, committed 69760K, reserved 1114112K
  class space    used 7248K, committed 7872K, reserved 1048576K
}
Event: 18.955 GC heap before
{Heap before GC invocations=176 (full 3):
 PSYoungGen      total 13824K, used 13824K [0x00000000d5580000, 0x00000000d6580000, 0x0000000100000000)
  eden space 13312K, 100% used [0x00000000d5580000,0x00000000d6280000,0x00000000d6280000)
  from space 512K, 100% used [0x00000000d6500000,0x00000000d6580000,0x00000000d6580000)
  to   space 1536K, 0% used [0x00000000d6280000,0x00000000d6280000,0x00000000d6400000)
 ParOldGen       total 110592K, used 110554K [0x0000000080000000, 0x0000000086c00000, 0x00000000d5580000)
  object space 110592K, 99% used [0x0000000080000000,0x0000000086bf6998,0x0000000086c00000)
 Metaspace       used 68599K, committed 70080K, reserved 1114112K
  class space    used 7276K, committed 7936K, reserved 1048576K
}
Event: 18.956 GC heap after
{Heap after GC invocations=176 (full 3):
 PSYoungGen      total 14848K, used 596K [0x00000000d5580000, 0x00000000d6580000, 0x0000000100000000)
  eden space 13312K, 0% used [0x00000000d5580000,0x00000000d5580000,0x00000000d6280000)
  from space 1536K, 38% used [0x00000000d6280000,0x00000000d6315200,0x00000000d6400000)
  to   space 1024K, 0% used [0x00000000d6480000,0x00000000d6480000,0x00000000d6580000)
 ParOldGen       total 111104K, used 111031K [0x0000000080000000, 0x0000000086c80000, 0x00000000d5580000)
  object space 111104K, 99% used [0x0000000080000000,0x0000000086c6dcf8,0x0000000086c80000)
 Metaspace       used 68599K, committed 70080K, reserved 1114112K
  class space    used 7276K, committed 7936K, reserved 1048576K
}
Event: 24.660 GC heap before
{Heap before GC invocations=177 (full 3):
 PSYoungGen      total 14848K, used 13896K [0x00000000d5580000, 0x00000000d6580000, 0x0000000100000000)
  eden space 13312K, 99% used [0x00000000d5580000,0x00000000d627d198,0x00000000d6280000)
  from space 1536K, 38% used [0x00000000d6280000,0x00000000d6315200,0x00000000d6400000)
  to   space 1024K, 0% used [0x00000000d6480000,0x00000000d6480000,0x00000000d6580000)
 ParOldGen       total 111104K, used 111031K [0x0000000080000000, 0x0000000086c80000, 0x00000000d5580000)
  object space 111104K, 99% used [0x0000000080000000,0x0000000086c6dcf8,0x0000000086c80000)
 Metaspace       used 68886K, committed 70336K, reserved 1114112K
  class space    used 7296K, committed 7936K, reserved 1048576K
}
Event: 24.661 GC heap after
{Heap after GC invocations=177 (full 3):
 PSYoungGen      total 14336K, used 640K [0x00000000d5580000, 0x00000000d6580000, 0x0000000100000000)
  eden space 13312K, 0% used [0x00000000d5580000,0x00000000d5580000,0x00000000d6280000)
  from space 1024K, 62% used [0x00000000d6480000,0x00000000d6520000,0x00000000d6580000)
  to   space 1024K, 0% used [0x00000000d6380000,0x00000000d6380000,0x00000000d6480000)
 ParOldGen       total 111616K, used 111499K [0x0000000080000000, 0x0000000086d00000, 0x00000000d5580000)
  object space 111616K, 99% used [0x0000000080000000,0x0000000086ce2f08,0x0000000086d00000)
 Metaspace       used 68886K, committed 70336K, reserved 1114112K
  class space    used 7296K, committed 7936K, reserved 1048576K
}
Event: 24.744 GC heap before
{Heap before GC invocations=178 (full 3):
 PSYoungGen      total 14336K, used 13952K [0x00000000d5580000, 0x00000000d6580000, 0x0000000100000000)
  eden space 13312K, 100% used [0x00000000d5580000,0x00000000d6280000,0x00000000d6280000)
  from space 1024K, 62% used [0x00000000d6480000,0x00000000d6520000,0x00000000d6580000)
  to   space 1024K, 0% used [0x00000000d6380000,0x00000000d6380000,0x00000000d6480000)
 ParOldGen       total 111616K, used 111499K [0x0000000080000000, 0x0000000086d00000, 0x00000000d5580000)
  object space 111616K, 99% used [0x0000000080000000,0x0000000086ce2f08,0x0000000086d00000)
 Metaspace       used 70338K, committed 71808K, reserved 1114112K
  class space    used 7459K, committed 8128K, reserved 1048576K
}
Event: 24.747 GC heap after
{Heap after GC invocations=178 (full 3):
 PSYoungGen      total 14336K, used 1024K [0x00000000d5580000, 0x00000000d6d80000, 0x0000000100000000)
  eden space 13312K, 0% used [0x00000000d5580000,0x00000000d5580000,0x00000000d6280000)
  from space 1024K, 100% used [0x00000000d6380000,0x00000000d6480000,0x00000000d6480000)
  to   space 5632K, 0% used [0x00000000d6800000,0x00000000d6800000,0x00000000d6d80000)
 ParOldGen       total 115200K, used 115193K [0x0000000080000000, 0x0000000087080000, 0x00000000d5580000)
  object space 115200K, 99% used [0x0000000080000000,0x000000008707e4c8,0x0000000087080000)
 Metaspace       used 70338K, committed 71808K, reserved 1114112K
  class space    used 7459K, committed 8128K, reserved 1048576K
}
Event: 25.008 GC heap before
{Heap before GC invocations=179 (full 3):
 PSYoungGen      total 14336K, used 14336K [0x00000000d5580000, 0x00000000d6d80000, 0x0000000100000000)
  eden space 13312K, 100% used [0x00000000d5580000,0x00000000d6280000,0x00000000d6280000)
  from space 1024K, 100% used [0x00000000d6380000,0x00000000d6480000,0x00000000d6480000)
  to   space 5632K, 0% used [0x00000000d6800000,0x00000000d6800000,0x00000000d6d80000)
 ParOldGen       total 115200K, used 115193K [0x0000000080000000, 0x0000000087080000, 0x00000000d5580000)
  object space 115200K, 99% used [0x0000000080000000,0x000000008707e4c8,0x0000000087080000)
 Metaspace       used 72890K, committed 74368K, reserved 1179648K
  class space    used 7781K, committed 8448K, reserved 1048576K
}
Event: 25.010 GC heap after
{Heap after GC invocations=179 (full 3):
 PSYoungGen      total 14336K, used 745K [0x00000000d5580000, 0x00000000d6900000, 0x0000000100000000)
  eden space 13312K, 0% used [0x00000000d5580000,0x00000000d5580000,0x00000000d6280000)
  from space 1024K, 72% used [0x00000000d6800000,0x00000000d68ba460,0x00000000d6900000)
  to   space 2560K, 0% used [0x00000000d6400000,0x00000000d6400000,0x00000000d6680000)
 ParOldGen       total 116224K, used 116216K [0x0000000080000000, 0x0000000087180000, 0x00000000d5580000)
  object space 116224K, 99% used [0x0000000080000000,0x000000008717e068,0x0000000087180000)
 Metaspace       used 72890K, committed 74368K, reserved 1179648K
  class space    used 7781K, committed 8448K, reserved 1048576K
}
Event: 25.331 GC heap before
{Heap before GC invocations=180 (full 3):
 PSYoungGen      total 14336K, used 14057K [0x00000000d5580000, 0x00000000d6900000, 0x0000000100000000)
  eden space 13312K, 100% used [0x00000000d5580000,0x00000000d6280000,0x00000000d6280000)
  from space 1024K, 72% used [0x00000000d6800000,0x00000000d68ba460,0x00000000d6900000)
  to   space 2560K, 0% used [0x00000000d6400000,0x00000000d6400000,0x00000000d6680000)
 ParOldGen       total 116224K, used 116216K [0x0000000080000000, 0x0000000087180000, 0x00000000d5580000)
  object space 116224K, 99% used [0x0000000080000000,0x000000008717e068,0x0000000087180000)
 Metaspace       used 74696K, committed 76160K, reserved 1179648K
  class space    used 8030K, committed 8704K, reserved 1048576K
}
Event: 25.333 GC heap after
{Heap after GC invocations=180 (full 3):
 PSYoungGen      total 15872K, used 512K [0x00000000d5580000, 0x00000000d6880000, 0x0000000100000000)
  eden space 13312K, 0% used [0x00000000d5580000,0x00000000d5580000,0x00000000d6280000)
  from space 2560K, 20% used [0x00000000d6400000,0x00000000d6480000,0x00000000d6680000)
  to   space 1024K, 0% used [0x00000000d6780000,0x00000000d6780000,0x00000000d6880000)
 ParOldGen       total 117248K, used 116843K [0x0000000080000000, 0x0000000087280000, 0x00000000d5580000)
  object space 117248K, 99% used [0x0000000080000000,0x000000008721acf8,0x0000000087280000)
 Metaspace       used 74696K, committed 76160K, reserved 1179648K
  class space    used 8030K, committed 8704K, reserved 1048576K
}
Event: 31.147 GC heap before
{Heap before GC invocations=181 (full 3):
 PSYoungGen      total 15872K, used 13824K [0x00000000d5580000, 0x00000000d6880000, 0x0000000100000000)
  eden space 13312K, 100% used [0x00000000d5580000,0x00000000d6280000,0x00000000d6280000)
  from space 2560K, 20% used [0x00000000d6400000,0x00000000d6480000,0x00000000d6680000)
  to   space 1024K, 0% used [0x00000000d6780000,0x00000000d6780000,0x00000000d6880000)
 ParOldGen       total 117248K, used 116843K [0x0000000080000000, 0x0000000087280000, 0x00000000d5580000)
  object space 117248K, 99% used [0x0000000080000000,0x000000008721acf8,0x0000000087280000)
 Metaspace       used 75492K, committed 77056K, reserved 1179648K
  class space    used 8132K, committed 8832K, reserved 1048576K
}
Event: 31.150 GC heap after
{Heap after GC invocations=181 (full 3):
 PSYoungGen      total 14336K, used 1008K [0x00000000d5580000, 0x00000000d6880000, 0x0000000100000000)
  eden space 13312K, 0% used [0x00000000d5580000,0x00000000d5580000,0x00000000d6280000)
  from space 1024K, 98% used [0x00000000d6780000,0x00000000d687c040,0x00000000d6880000)
  to   space 2560K, 0% used [0x00000000d6380000,0x00000000d6380000,0x00000000d6600000)
 ParOldGen       total 117760K, used 117691K [0x0000000080000000, 0x0000000087300000, 0x00000000d5580000)
  object space 117760K, 99% used [0x0000000080000000,0x00000000872eed08,0x0000000087300000)
 Metaspace       used 75492K, committed 77056K, reserved 1179648K
  class space    used 8132K, committed 8832K, reserved 1048576K
}
Event: 35.835 GC heap before
{Heap before GC invocations=182 (full 3):
 PSYoungGen      total 14336K, used 14320K [0x00000000d5580000, 0x00000000d6880000, 0x0000000100000000)
  eden space 13312K, 100% used [0x00000000d5580000,0x00000000d6280000,0x00000000d6280000)
  from space 1024K, 98% used [0x00000000d6780000,0x00000000d687c040,0x00000000d6880000)
  to   space 2560K, 0% used [0x00000000d6380000,0x00000000d6380000,0x00000000d6600000)
 ParOldGen       total 117760K, used 117691K [0x0000000080000000, 0x0000000087300000, 0x00000000d5580000)
  object space 117760K, 99% used [0x0000000080000000,0x00000000872eed08,0x0000000087300000)
 Metaspace       used 75775K, committed 77248K, reserved 1179648K
  class space    used 8144K, committed 8832K, reserved 1048576K
}
Event: 35.837 GC heap after
{Heap after GC invocations=182 (full 3):
 PSYoungGen      total 15872K, used 970K [0x00000000d5580000, 0x00000000d6800000, 0x0000000100000000)
  eden space 13312K, 0% used [0x00000000d5580000,0x00000000d5580000,0x00000000d6280000)
  from space 2560K, 37% used [0x00000000d6380000,0x00000000d6472910,0x00000000d6600000)
  to   space 1536K, 0% used [0x00000000d6680000,0x00000000d6680000,0x00000000d6800000)
 ParOldGen       total 118272K, used 118155K [0x0000000080000000, 0x0000000087380000, 0x00000000d5580000)
  object space 118272K, 99% used [0x0000000080000000,0x0000000087362d18,0x0000000087380000)
 Metaspace       used 75775K, committed 77248K, reserved 1179648K
  class space    used 8144K, committed 8832K, reserved 1048576K
}
Event: 41.827 GC heap before
{Heap before GC invocations=183 (full 3):
 PSYoungGen      total 15872K, used 14282K [0x00000000d5580000, 0x00000000d6800000, 0x0000000100000000)
  eden space 13312K, 100% used [0x00000000d5580000,0x00000000d6280000,0x00000000d6280000)
  from space 2560K, 37% used [0x00000000d6380000,0x00000000d6472910,0x00000000d6600000)
  to   space 1536K, 0% used [0x00000000d6680000,0x00000000d6680000,0x00000000d6800000)
 ParOldGen       total 118272K, used 118155K [0x0000000080000000, 0x0000000087380000, 0x00000000d5580000)
  object space 118272K, 99% used [0x0000000080000000,0x0000000087362d18,0x0000000087380000)
 Metaspace       used 75972K, committed 77440K, reserved 1179648K
  class space    used 8145K, committed 8832K, reserved 1048576K
}
Event: 41.829 GC heap after
{Heap after GC invocations=183 (full 3):
 PSYoungGen      total 14336K, used 804K [0x00000000d5580000, 0x00000000d6780000, 0x0000000100000000)
  eden space 13312K, 0% used [0x00000000d5580000,0x00000000d5580000,0x00000000d6280000)
  from space 1024K, 78% used [0x00000000d6680000,0x00000000d6749210,0x00000000d6780000)
  to   space 1024K, 0% used [0x00000000d6580000,0x00000000d6580000,0x00000000d6680000)
 ParOldGen       total 119296K, used 118965K [0x0000000080000000, 0x0000000087480000, 0x00000000d5580000)
  object space 119296K, 99% used [0x0000000080000000,0x000000008742d4f0,0x0000000087480000)
 Metaspace       used 75972K, committed 77440K, reserved 1179648K
  class space    used 8145K, committed 8832K, reserved 1048576K
}

