# JRE version: OpenJDK Runtime Environment Temurin-21.0.11+10 (21.0.11+10) (build 21.0.11+10-LTS)
# Java VM: OpenJDK 64-Bit Server VM Temurin-21.0.11+10 (21.0.11+10-LTS, mixed mode, sharing, tiered, compressed oops, compressed class ptrs, parallel gc, windows-amd64)
GC Precious Log:
 CardTable entry size: 512
 CPUs: 8 total, 8 available
 Memory: 7926M
 Large Page Support: Disabled
 NUMA Support: Disabled
 Compressed Oops: Enabled (32-bit)
 Alignments: Space 512K, Generation 512K, Heap 2M
 Heap Min Capacity: 100M
 Heap Initial Capacity: 100M
 Heap Max Capacity: 2G
 Pre-touch: Disabled
 Parallel Workers: 8
Heap:
 PSYoungGen      total 3072K, used 342K [0x00000000d5580000, 0x00000000d5900000, 0x0000000100000000)
  eden space 2048K, 2% used [0x00000000d5580000,0x00000000d558d8d0,0x00000000d5780000)
  from space 1024K, 28% used [0x00000000d5780000,0x00000000d57c8000,0x00000000d5880000)
  to   space 512K, 0% used [0x00000000d5880000,0x00000000d5880000,0x00000000d5900000)
 ParOldGen       total 879616K, used 879593K [0x0000000080000000, 0x00000000b5b00000, 0x00000000d5580000)
  object space 879616K, 99% used [0x0000000080000000,0x00000000b5afa6d8,0x00000000b5b00000)
 Metaspace       used 107746K, committed 109760K, reserved 1179648K
  class space    used 10658K, committed 11584K, reserved 1048576K
GC Heap History (20 events):
Event: 8177.447 GC heap before
{Heap before GC invocations=7587 (full 11):
 PSYoungGen      total 2560K, used 2301K [0x00000000d5580000, 0x00000000d5900000, 0x0000000100000000)
  eden space 2048K, 100% used [0x00000000d5580000,0x00000000d5780000,0x00000000d5780000)
  from space 512K, 49% used [0x00000000d5800000,0x00000000d583f6a8,0x00000000d5880000)
  to   space 512K, 0% used [0x00000000d5880000,0x00000000d5880000,0x00000000d5900000)
 ParOldGen       total 878080K, used 877922K [0x0000000080000000, 0x00000000b5980000, 0x00000000d5580000)
  object space 878080K, 99% used [0x0000000080000000,0x00000000b5958938,0x00000000b5980000)
 Metaspace       used 107709K, committed 109696K, reserved 1179648K
  class space    used 10654K, committed 11584K, reserved 1048576K
}
Event: 8177.450 GC heap after
{Heap after GC invocations=7587 (full 11):
 PSYoungGen      total 2560K, used 256K [0x00000000d5580000, 0x00000000d5900000, 0x0000000100000000)
  eden space 2048K, 0% used [0x00000000d5580000,0x00000000d5580000,0x00000000d5780000)
  from space 512K, 50% used [0x00000000d5880000,0x00000000d58c0000,0x00000000d5900000)
  to   space 512K, 0% used [0x00000000d5800000,0x00000000d5800000,0x00000000d5880000)
 ParOldGen       total 878080K, used 877946K [0x0000000080000000, 0x00000000b5980000, 0x00000000d5580000)
  object space 878080K, 99% used [0x0000000080000000,0x00000000b595e938,0x00000000b5980000)
 Metaspace       used 107709K, committed 109696K, reserved 1179648K
  class space    used 10654K, committed 11584K, reserved 1048576K
}
Event: 8239.258 GC heap before
{Heap before GC invocations=7588 (full 11):
 PSYoungGen      total 2560K, used 2304K [0x00000000d5580000, 0x00000000d5900000, 0x0000000100000000)
  eden space 2048K, 100% used [0x00000000d5580000,0x00000000d5780000,0x00000000d5780000)
  from space 512K, 50% used [0x00000000d5880000,0x00000000d58c0000,0x00000000d5900000)
  to   space 512K, 0% used [0x00000000d5800000,0x00000000d5800000,0x00000000d5880000)
 ParOldGen       total 878080K, used 877946K [0x0000000080000000, 0x00000000b5980000, 0x00000000d5580000)
  object space 878080K, 99% used [0x0000000080000000,0x00000000b595e938,0x00000000b5980000)
 Metaspace       used 107719K, committed 109760K, reserved 1179648K
  class space    used 10654K, committed 11584K, reserved 1048576K
}
Event: 8239.264 GC heap after
{Heap after GC invocations=7588 (full 11):
 PSYoungGen      total 2560K, used 368K [0x00000000d5580000, 0x00000000d5900000, 0x0000000100000000)
  eden space 2048K, 0% used [0x00000000d5580000,0x00000000d5580000,0x00000000d5780000)
  from space 512K, 71% used [0x00000000d5800000,0x00000000d585c030,0x00000000d5880000)
  to   space 512K, 0% used [0x00000000d5880000,0x00000000d5880000,0x00000000d5900000)
 ParOldGen       total 878080K, used 877978K [0x0000000080000000, 0x00000000b5980000, 0x00000000d5580000)
  object space 878080K, 99% used [0x0000000080000000,0x00000000b5966938,0x00000000b5980000)
 Metaspace       used 107719K, committed 109760K, reserved 1179648K
  class space    used 10654K, committed 11584K, reserved 1048576K
}
Event: 8239.272 GC heap before
{Heap before GC invocations=7589 (full 11):
 PSYoungGen      total 2560K, used 2416K [0x00000000d5580000, 0x00000000d5900000, 0x0000000100000000)
  eden space 2048K, 100% used [0x00000000d5580000,0x00000000d5780000,0x00000000d5780000)
  from space 512K, 71% used [0x00000000d5800000,0x00000000d585c030,0x00000000d5880000)
  to   space 512K, 0% used [0x00000000d5880000,0x00000000d5880000,0x00000000d5900000)
 ParOldGen       total 878080K, used 877978K [0x0000000080000000, 0x00000000b5980000, 0x00000000d5580000)
  object space 878080K, 99% used [0x0000000080000000,0x00000000b5966938,0x00000000b5980000)
 Metaspace       used 107719K, committed 109760K, reserved 1179648K
  class space    used 10654K, committed 11584K, reserved 1048576K
}
Event: 8239.275 GC heap after
{Heap after GC invocations=7589 (full 11):
 PSYoungGen      total 2560K, used 500K [0x00000000d5580000, 0x00000000d5980000, 0x0000000100000000)
  eden space 2048K, 0% used [0x00000000d5580000,0x00000000d5580000,0x00000000d5780000)
  from space 512K, 97% used [0x00000000d5880000,0x00000000d58fd200,0x00000000d5900000)
  to   space 1024K, 0% used [0x00000000d5780000,0x00000000d5780000,0x00000000d5880000)
 ParOldGen       total 878592K, used 878191K [0x0000000080000000, 0x00000000b5a00000, 0x00000000d5580000)
  object space 878592K, 99% used [0x0000000080000000,0x00000000b599bc30,0x00000000b5a00000)
 Metaspace       used 107719K, committed 109760K, reserved 1179648K
  class space    used 10654K, committed 11584K, reserved 1048576K
}
Event: 8239.811 GC heap before
{Heap before GC invocations=7590 (full 11):
 PSYoungGen      total 2560K, used 2548K [0x00000000d5580000, 0x00000000d5980000, 0x0000000100000000)
  eden space 2048K, 100% used [0x00000000d5580000,0x00000000d5780000,0x00000000d5780000)
  from space 512K, 97% used [0x00000000d5880000,0x00000000d58fd200,0x00000000d5900000)
  to   space 1024K, 0% used [0x00000000d5780000,0x00000000d5780000,0x00000000d5880000)
 ParOldGen       total 878592K, used 878191K [0x0000000080000000, 0x00000000b5a00000, 0x00000000d5580000)
  object space 878592K, 99% used [0x0000000080000000,0x00000000b599bc30,0x00000000b5a00000)
 Metaspace       used 107719K, committed 109760K, reserved 1179648K
  class space    used 10654K, committed 11584K, reserved 1048576K
}
Event: 8239.814 GC heap after
{Heap after GC invocations=7590 (full 11):
 PSYoungGen      total 3072K, used 564K [0x00000000d5580000, 0x00000000d5980000, 0x0000000100000000)
  eden space 2048K, 0% used [0x00000000d5580000,0x00000000d5580000,0x00000000d5780000)
  from space 1024K, 55% used [0x00000000d5780000,0x00000000d580d200,0x00000000d5880000)
  to   space 1024K, 0% used [0x00000000d5880000,0x00000000d5880000,0x00000000d5980000)
 ParOldGen       total 878592K, used 878207K [0x0000000080000000, 0x00000000b5a00000, 0x00000000d5580000)
  object space 878592K, 99% used [0x0000000080000000,0x00000000b599fc30,0x00000000b5a00000)
 Metaspace       used 107719K, committed 109760K, reserved 1179648K
  class space    used 10654K, committed 11584K, reserved 1048576K
}
Event: 8251.846 GC heap before
{Heap before GC invocations=7591 (full 11):
 PSYoungGen      total 3072K, used 2612K [0x00000000d5580000, 0x00000000d5980000, 0x0000000100000000)
  eden space 2048K, 100% used [0x00000000d5580000,0x00000000d5780000,0x00000000d5780000)
  from space 1024K, 55% used [0x00000000d5780000,0x00000000d580d200,0x00000000d5880000)
  to   space 1024K, 0% used [0x00000000d5880000,0x00000000d5880000,0x00000000d5980000)
 ParOldGen       total 878592K, used 878207K [0x0000000080000000, 0x00000000b5a00000, 0x00000000d5580000)
  object space 878592K, 99% used [0x0000000080000000,0x00000000b599fc30,0x00000000b5a00000)
 Metaspace       used 107743K, committed 109760K, reserved 1179648K
  class space    used 10658K, committed 11584K, reserved 1048576K
}
Event: 8251.850 GC heap after
{Heap after GC invocations=7591 (full 11):
 PSYoungGen      total 2560K, used 276K [0x00000000d5580000, 0x00000000d5900000, 0x0000000100000000)
  eden space 2048K, 0% used [0x00000000d5580000,0x00000000d5580000,0x00000000d5780000)
  from space 512K, 54% used [0x00000000d5880000,0x00000000d58c5200,0x00000000d5900000)
  to   space 512K, 0% used [0x00000000d5800000,0x00000000d5800000,0x00000000d5880000)
 ParOldGen       total 878592K, used 878255K [0x0000000080000000, 0x00000000b5a00000, 0x00000000d5580000)
  object space 878592K, 99% used [0x0000000080000000,0x00000000b59abc30,0x00000000b5a00000)
 Metaspace       used 107743K, committed 109760K, reserved 1179648K
  class space    used 10658K, committed 11584K, reserved 1048576K
}
Event: 8251.899 GC heap before
{Heap before GC invocations=7592 (full 11):
 PSYoungGen      total 2560K, used 2324K [0x00000000d5580000, 0x00000000d5900000, 0x0000000100000000)
  eden space 2048K, 100% used [0x00000000d5580000,0x00000000d5780000,0x00000000d5780000)
  from space 512K, 54% used [0x00000000d5880000,0x00000000d58c5200,0x00000000d5900000)
  to   space 512K, 0% used [0x00000000d5800000,0x00000000d5800000,0x00000000d5880000)
 ParOldGen       total 878592K, used 878255K [0x0000000080000000, 0x00000000b5a00000, 0x00000000d5580000)
  object space 878592K, 99% used [0x0000000080000000,0x00000000b59abc30,0x00000000b5a00000)
 Metaspace       used 107746K, committed 109760K, reserved 1179648K
  class space    used 10658K, committed 11584K, reserved 1048576K
}
Event: 8251.901 GC heap after
{Heap after GC invocations=7592 (full 11):
 PSYoungGen      total 2560K, used 256K [0x00000000d5580000, 0x00000000d5900000, 0x0000000100000000)
  eden space 2048K, 0% used [0x00000000d5580000,0x00000000d5580000,0x00000000d5780000)
  from space 512K, 50% used [0x00000000d5800000,0x00000000d5840000,0x00000000d5880000)
  to   space 512K, 0% used [0x00000000d5880000,0x00000000d5880000,0x00000000d5900000)
 ParOldGen       total 878592K, used 878359K [0x0000000080000000, 0x00000000b5a00000, 0x00000000d5580000)
  object space 878592K, 99% used [0x0000000080000000,0x00000000b59c5d88,0x00000000b5a00000)
 Metaspace       used 107746K, committed 109760K, reserved 1179648K
  class space    used 10658K, committed 11584K, reserved 1048576K
}
Event: 8251.905 GC heap before
{Heap before GC invocations=7593 (full 11):
 PSYoungGen      total 2560K, used 2304K [0x00000000d5580000, 0x00000000d5900000, 0x0000000100000000)
  eden space 2048K, 100% used [0x00000000d5580000,0x00000000d5780000,0x00000000d5780000)
  from space 512K, 50% used [0x00000000d5800000,0x00000000d5840000,0x00000000d5880000)
  to   space 512K, 0% used [0x00000000d5880000,0x00000000d5880000,0x00000000d5900000)
 ParOldGen       total 878592K, used 878359K [0x0000000080000000, 0x00000000b5a00000, 0x00000000d5580000)
  object space 878592K, 99% used [0x0000000080000000,0x00000000b59c5d88,0x00000000b5a00000)
 Metaspace       used 107746K, committed 109760K, reserved 1179648K
  class space    used 10658K, committed 11584K, reserved 1048576K
}
Event: 8251.907 GC heap after
{Heap after GC invocations=7593 (full 11):
 PSYoungGen      total 2560K, used 512K [0x00000000d5580000, 0x00000000d5980000, 0x0000000100000000)
  eden space 2048K, 0% used [0x00000000d5580000,0x00000000d5580000,0x00000000d5780000)
  from space 512K, 100% used [0x00000000d5880000,0x00000000d5900000,0x00000000d5900000)
  to   space 1024K, 0% used [0x00000000d5780000,0x00000000d5780000,0x00000000d5880000)
 ParOldGen       total 878592K, used 878463K [0x0000000080000000, 0x00000000b5a00000, 0x00000000d5580000)
  object space 878592K, 99% used [0x0000000080000000,0x00000000b59dfd88,0x00000000b5a00000)
 Metaspace       used 107746K, committed 109760K, reserved 1179648K
  class space    used 10658K, committed 11584K, reserved 1048576K
}
Event: 8254.116 GC heap before
{Heap before GC invocations=7594 (full 11):
 PSYoungGen      total 2560K, used 2560K [0x00000000d5580000, 0x00000000d5980000, 0x0000000100000000)
  eden space 2048K, 100% used [0x00000000d5580000,0x00000000d5780000,0x00000000d5780000)
  from space 512K, 100% used [0x00000000d5880000,0x00000000d5900000,0x00000000d5900000)
  to   space 1024K, 0% used [0x00000000d5780000,0x00000000d5780000,0x00000000d5880000)
 ParOldGen       total 878592K, used 878463K [0x0000000080000000, 0x00000000b5a00000, 0x00000000d5580000)
  object space 878592K, 99% used [0x0000000080000000,0x00000000b59dfd88,0x00000000b5a00000)
 Metaspace       used 107746K, committed 109760K, reserved 1179648K
  class space    used 10658K, committed 11584K, reserved 1048576K
}
Event: 8254.118 GC heap after
{Heap after GC invocations=7594 (full 11):
 PSYoungGen      total 3072K, used 352K [0x00000000d5580000, 0x00000000d5900000, 0x0000000100000000)
  eden space 2048K, 0% used [0x00000000d5580000,0x00000000d5580000,0x00000000d5780000)
  from space 1024K, 34% used [0x00000000d5780000,0x00000000d57d8000,0x00000000d5880000)
  to   space 512K, 0% used [0x00000000d5880000,0x00000000d5880000,0x00000000d5900000)
 ParOldGen       total 879104K, used 878947K [0x0000000080000000, 0x00000000b5a80000, 0x00000000d5580000)
  object space 879104K, 99% used [0x0000000080000000,0x00000000b5a58f98,0x00000000b5a80000)
 Metaspace       used 107746K, committed 109760K, reserved 1179648K
  class space    used 10658K, committed 11584K, reserved 1048576K
}
Event: 8254.122 GC heap before
{Heap before GC invocations=7595 (full 11):
 PSYoungGen      total 3072K, used 2400K [0x00000000d5580000, 0x00000000d5900000, 0x0000000100000000)
  eden space 2048K, 100% used [0x00000000d5580000,0x00000000d5780000,0x00000000d5780000)
  from space 1024K, 34% used [0x00000000d5780000,0x00000000d57d8000,0x00000000d5880000)
  to   space 512K, 0% used [0x00000000d5880000,0x00000000d5880000,0x00000000d5900000)
 ParOldGen       total 879104K, used 878947K [0x0000000080000000, 0x00000000b5a80000, 0x00000000d5580000)
  object space 879104K, 99% used [0x0000000080000000,0x00000000b5a58f98,0x00000000b5a80000)
 Metaspace       used 107746K, committed 109760K, reserved 1179648K
  class space    used 10658K, committed 11584K, reserved 1048576K
}
Event: 8254.123 GC heap after
{Heap after GC invocations=7595 (full 11):
 PSYoungGen      total 2560K, used 484K [0x00000000d5580000, 0x00000000d5980000, 0x0000000100000000)
  eden space 2048K, 0% used [0x00000000d5580000,0x00000000d5580000,0x00000000d5780000)
  from space 512K, 94% used [0x00000000d5880000,0x00000000d58f9210,0x00000000d5900000)
  to   space 1024K, 0% used [0x00000000d5780000,0x00000000d5780000,0x00000000d5880000)
 ParOldGen       total 879616K, used 879141K [0x0000000080000000, 0x00000000b5b00000, 0x00000000d5580000)
  object space 879616K, 99% used [0x0000000080000000,0x00000000b5a894c8,0x00000000b5b00000)
 Metaspace       used 107746K, committed 109760K, reserved 1179648K
  class space    used 10658K, committed 11584K, reserved 1048576K
}
Event: 8267.952 GC heap before
{Heap before GC invocations=7596 (full 11):
 PSYoungGen      total 2560K, used 2532K [0x00000000d5580000, 0x00000000d5980000, 0x0000000100000000)
  eden space 2048K, 100% used [0x00000000d5580000,0x00000000d5780000,0x00000000d5780000)
  from space 512K, 94% used [0x00000000d5880000,0x00000000d58f9210,0x00000000d5900000)
  to   space 1024K, 0% used [0x00000000d5780000,0x00000000d5780000,0x00000000d5880000)
 ParOldGen       total 879616K, used 879141K [0x0000000080000000, 0x00000000b5b00000, 0x00000000d5580000)
  object space 879616K, 99% used [0x0000000080000000,0x00000000b5a894c8,0x00000000b5b00000)
 Metaspace       used 107746K, committed 109760K, reserved 1179648K
  class space    used 10658K, committed 11584K, reserved 1048576K
}
Event: 8267.957 GC heap after
{Heap after GC invocations=7596 (full 11):
 PSYoungGen      total 3072K, used 288K [0x00000000d5580000, 0x00000000d5900000, 0x0000000100000000)
  eden space 2048K, 0% used [0x00000000d5580000,0x00000000d5580000,0x00000000d5780000)
  from space 1024K, 28% used [0x00000000d5780000,0x00000000d57c8000,0x00000000d5880000)
  to   space 512K, 0% used [0x00000000d5880000,0x00000000d5880000,0x00000000d5900000)
 ParOldGen       total 879616K, used 879593K [0x0000000080000000, 0x00000000b5b00000, 0x00000000d5580000)
  object space 879616K, 99% used [0x0000000080000000,0x00000000b5afa6d8,0x00000000b5b00000)
 Metaspace       used 107746K, committed 109760K, reserved 1179648K
  class space    used 10658K, committed 11584K, reserved 1048576K
}

